Content-Type: multipart/alternative;
 boundary="===============1972691197650577626=="
MIME-Version: 1.0
Subject: Password reset on localhost:8000
From: webmaster@localhost
To: test@email.com
Date: Sat, 02 Dec 2023 07:16:21 -0000
Message-ID: <170150138105.12480.2427747705708889074@LAPTOP-VTMLH8HD>

--===============1972691197650577626==
Content-Type: text/plain; charset="utf-8"
MIME-Version: 1.0
Content-Transfer-Encoding: 7bit

You're receiving this email because you requested a password reset for your user account at localhost:8000.

Please go to the following page and choose a new password:
http://localhost:8000/reset_password/MjA/byl6f9-4d75e1875c91003fcc9c048b3304eb97
Your username, in case you've forgotten: dua

Thanks for using our site!

The localhost:8000 team
--===============1972691197650577626==
Content-Type: text/html; charset="utf-8"
MIME-Version: 1.0
Content-Transfer-Encoding: 7bit

<p>You're receiving this email because you requested a password reset for your user account at localhost:8000.</p>

<p>Please go to the following page and choose a new password:</p>
<a href="http://localhost:8000/reset_password/MjA/byl6f9-4d75e1875c91003fcc9c048b3304eb97">http://localhost:8000/reset_password/MjA/byl6f9-4d75e1875c91003fcc9c048b3304eb97</a>
<p>Your username, in case you've forgotten: <b>dua</b></p>

<p>Thanks for using our site!</p>

<p>The localhost:8000 team</p>
--===============1972691197650577626==--

-------------------------------------------------------------------------------
