Content-Type: multipart/alternative;
 boundary="===============8154428223599955344=="
MIME-Version: 1.0
Subject: Password reset on localhost:8000
From: webmaster@localhost
To: test@email.com
Date: Sat, 02 Dec 2023 07:18:58 -0000
Message-ID: <170150153884.12480.18223852212198269894@LAPTOP-VTMLH8HD>

--===============8154428223599955344==
Content-Type: text/plain; charset="utf-8"
MIME-Version: 1.0
Content-Transfer-Encoding: 7bit

You're receiving this email because you requested a password reset for your user account at localhost:8000.

Please go to the following page and choose a new password:
http://localhost:8000/reset_password/MjA/byl6jm-d523198105ff5d059af2bc6fa7409446
Your username, in case you've forgotten: dua

Thanks for using our site!

The localhost:8000 team
--===============8154428223599955344==
Content-Type: text/html; charset="utf-8"
MIME-Version: 1.0
Content-Transfer-Encoding: 7bit

<p>You're receiving this email because you requested a password reset for your user account at localhost:8000.</p>

<p>Please go to the following page and choose a new password:</p>
<a href="http://localhost:8000/reset_password/MjA/byl6jm-d523198105ff5d059af2bc6fa7409446">http://localhost:8000/reset_password/MjA/byl6jm-d523198105ff5d059af2bc6fa7409446</a>
<p>Your username, in case you've forgotten: <b>dua</b></p>

<p>Thanks for using our site!</p>

<p>The localhost:8000 team</p>
--===============8154428223599955344==--

-------------------------------------------------------------------------------
