Content-Type: multipart/alternative;
 boundary="===============3713806084783883368=="
MIME-Version: 1.0
Subject: Password reset on localhost:8000
From: webmaster@localhost
To: test@email.com
Date: Sat, 02 Dec 2023 07:28:20 -0000
Message-ID: <170150210026.12480.11484646842095537627@LAPTOP-VTMLH8HD>

--===============3713806084783883368==
Content-Type: text/plain; charset="utf-8"
MIME-Version: 1.0
Content-Transfer-Encoding: 7bit

You're receiving this email because you requested a password reset for your user account at localhost:8000.

Please go to the following page and choose a new password:
http://localhost:8000/reset_password/MjA/byl6z8-8f9ee7f1863d9942f969e2a21a0897bf
Your username, in case you've forgotten: dua

Thanks for using our site!

The localhost:8000 team
--===============3713806084783883368==
Content-Type: text/html; charset="utf-8"
MIME-Version: 1.0
Content-Transfer-Encoding: 7bit

<p>You're receiving this email because you requested a password reset for your user account at localhost:8000.</p>

<p>Please go to the following page and choose a new password:</p>
<a href="http://localhost:8000/reset_password/MjA/byl6z8-8f9ee7f1863d9942f969e2a21a0897bf">http://localhost:8000/reset_password/MjA/byl6z8-8f9ee7f1863d9942f969e2a21a0897bf</a>
<p>Your username, in case you've forgotten: <b>dua</b></p>

<p>Thanks for using our site!</p>

<p>The localhost:8000 team</p>
--===============3713806084783883368==--

-------------------------------------------------------------------------------
