Content-Type: multipart/alternative;
 boundary="===============6486591720654152942=="
MIME-Version: 1.0
Subject: Password reset on localhost:8000
From: webmaster@localhost
To: test@email.com
Date: Sat, 02 Dec 2023 07:20:06 -0000
Message-ID: <170150160675.12480.3233614942620691592@LAPTOP-VTMLH8HD>

--===============6486591720654152942==
Content-Type: text/plain; charset="utf-8"
MIME-Version: 1.0
Content-Transfer-Encoding: 7bit

You're receiving this email because you requested a password reset for your user account at localhost:8000.

Please go to the following page and choose a new password:
http://localhost:8000/reset_password/MjA/byl6li-d6b07a6b48586098f9598621013e554f
Your username, in case you've forgotten: dua

Thanks for using our site!

The localhost:8000 team
--===============6486591720654152942==
Content-Type: text/html; charset="utf-8"
MIME-Version: 1.0
Content-Transfer-Encoding: 7bit

<p>You're receiving this email because you requested a password reset for your user account at localhost:8000.</p>

<p>Please go to the following page and choose a new password:</p>
<a href="http://localhost:8000/reset_password/MjA/byl6li-d6b07a6b48586098f9598621013e554f">http://localhost:8000/reset_password/MjA/byl6li-d6b07a6b48586098f9598621013e554f</a>
<p>Your username, in case you've forgotten: <b>dua</b></p>

<p>Thanks for using our site!</p>

<p>The localhost:8000 team</p>
--===============6486591720654152942==--

-------------------------------------------------------------------------------
