Content-Type: multipart/alternative;
 boundary="===============6704623234106440529=="
MIME-Version: 1.0
Subject: Password reset on localhost:8000
From: webmaster@localhost
To: test@email.com
Date: Sat, 02 Dec 2023 07:15:29 -0000
Message-ID: <170150132979.12480.12097688065705966204@LAPTOP-VTMLH8HD>

--===============6704623234106440529==
Content-Type: text/plain; charset="utf-8"
MIME-Version: 1.0
Content-Transfer-Encoding: 7bit

You're receiving this email because you requested a password reset for your user account at localhost:8000.

Please go to the following page and choose a new password:
http://localhost:8000/reset_password/MjA/byl6dt-2e1c60b932a15e6c9b038727e489fe9b
Your username, in case you've forgotten: dua

Thanks for using our site!

The localhost:8000 team
--===============6704623234106440529==
Content-Type: text/html; charset="utf-8"
MIME-Version: 1.0
Content-Transfer-Encoding: 7bit

<p>You're receiving this email because you requested a password reset for your user account at localhost:8000.</p>

<p>Please go to the following page and choose a new password:</p>
<a href="http://localhost:8000/reset_password/MjA/byl6dt-2e1c60b932a15e6c9b038727e489fe9b">http://localhost:8000/reset_password/MjA/byl6dt-2e1c60b932a15e6c9b038727e489fe9b</a>
<p>Your username, in case you've forgotten: <b>dua</b></p>

<p>Thanks for using our site!</p>

<p>The localhost:8000 team</p>
--===============6704623234106440529==--

-------------------------------------------------------------------------------
