Content-Type: multipart/alternative;
 boundary="===============6302222643516306035=="
MIME-Version: 1.0
Subject: 127.0.0.1:8000 - Your password has been successfully changed!
From: webmaster@localhost
To: test@email.com
Date: Fri, 17 Nov 2023 10:03:26 -0000
Message-ID: <170021540672.8744.5413326263261836667@MEDEA>

--===============6302222643516306035==
Content-Type: text/plain; charset="utf-8"
MIME-Version: 1.0
Content-Transfer-Encoding: 7bit

Your password has been changed!

Thanks for using our site!

The 127.0.0.1:8000 team
--===============6302222643516306035==
Content-Type: text/html; charset="utf-8"
MIME-Version: 1.0
Content-Transfer-Encoding: 7bit

<p>Your password has been changed!</p>

<p>Thanks for using our site!</p>

<p>The 127.0.0.1:8000 team</p>
--===============6302222643516306035==--

-------------------------------------------------------------------------------
