Content-Type: multipart/alternative;
 boundary="===============1253021132579489996=="
MIME-Version: 1.0
Subject: Password reset on 127.0.0.1:8000
From: webmaster@localhost
To: sooyoung@email.com
Date: Tue, 05 Dec 2023 22:38:53 -0000
Message-ID: <170181593322.29184.5562391079643748167@MEDEA>

--===============1253021132579489996==
Content-Type: text/plain; charset="utf-8"
MIME-Version: 1.0
Content-Transfer-Encoding: 7bit

You're receiving this email because you requested a password reset for your user account at 127.0.0.1:8000.

Please go to the following page and choose a new password:
http://localhost:3000/newpassword/OQ/byrx4t-67e6f53215cfa33381960bf5dde28033
Your username, in case you've forgotten: psooyoung

Thanks for using our site!

The 127.0.0.1:8000 team
--===============1253021132579489996==
Content-Type: text/html; charset="utf-8"
MIME-Version: 1.0
Content-Transfer-Encoding: 7bit

<p>You're receiving this email because you requested a password reset for your user account at 127.0.0.1:8000.</p>

<p>Please go to the following page and choose a new password:</p>
<a href="http://localhost:3000/newpassword/OQ/byrx4t-67e6f53215cfa33381960bf5dde28033">http://localhost:3000/newpassword/OQ/byrx4t-67e6f53215cfa33381960bf5dde28033</a>
<p>Your username, in case you've forgotten: <b>psooyoung</b></p>

<p>Thanks for using our site!</p>

<p>The 127.0.0.1:8000 team</p>
--===============1253021132579489996==--

-------------------------------------------------------------------------------
