Content-Type: multipart/alternative;
 boundary="===============6692575533138738477=="
MIME-Version: 1.0
Subject: localhost:8000 - Your password has been successfully changed!
From: webmaster@localhost
To: sooyoung@email.com
Date: Sun, 03 Dec 2023 03:55:00 -0000
Message-ID: <170157570016.8588.11869720069576309380@LAPTOP-VTMLH8HD>

--===============6692575533138738477==
Content-Type: text/plain; charset="utf-8"
MIME-Version: 1.0
Content-Transfer-Encoding: 7bit

Your password has been changed!

Thanks for using our site!

The localhost:8000 team
--===============6692575533138738477==
Content-Type: text/html; charset="utf-8"
MIME-Version: 1.0
Content-Transfer-Encoding: 7bit

<p>Your password has been changed!</p>

<p>Thanks for using our site!</p>

<p>The localhost:8000 team</p>
--===============6692575533138738477==--

-------------------------------------------------------------------------------
