Content-Type: multipart/alternative;
 boundary="===============1672757592226499690=="
MIME-Version: 1.0
Subject: Password reset on localhost:8000
From: webmaster@localhost
To: geogeomarsantos@gmail.com
Date: Wed, 22 Nov 2023 14:33:25 -0000
Message-ID: <170066360556.63580.16463877215012460275@arch>

--===============1672757592226499690==
Content-Type: text/plain; charset="utf-8"
MIME-Version: 1.0
Content-Transfer-Encoding: 7bit

You're receiving this email because you requested a password reset for your user account at localhost:8000.

Please go to the following page and choose a new password:
http://localhost:8000/reset_password/MjI/by2lrp-a9a760a9dfd3f9a29ad035ddc681c8a4
Your username, in case you've forgotten: geo123

Thanks for using our site!

The localhost:8000 team
--===============1672757592226499690==
Content-Type: text/html; charset="utf-8"
MIME-Version: 1.0
Content-Transfer-Encoding: 7bit

<p>You're receiving this email because you requested a password reset for your user account at localhost:8000.</p>

<p>Please go to the following page and choose a new password:</p>
<a href="http://localhost:8000/reset_password/MjI/by2lrp-a9a760a9dfd3f9a29ad035ddc681c8a4">http://localhost:8000/reset_password/MjI/by2lrp-a9a760a9dfd3f9a29ad035ddc681c8a4</a>
<p>Your username, in case you've forgotten: <b>geo123</b></p>

<p>Thanks for using our site!</p>

<p>The localhost:8000 team</p>
--===============1672757592226499690==--

-------------------------------------------------------------------------------
