Content-Type: multipart/alternative;
 boundary="===============3598546620387345866=="
MIME-Version: 1.0
Subject: 127.0.0.1:8000 - Your password has been successfully changed!
From: webmaster@localhost
To: test@email.com
Date: Wed, 29 Nov 2023 01:04:48 -0000
Message-ID: <170121988863.26436.16894141983609297092@MEDEA>

--===============3598546620387345866==
Content-Type: text/plain; charset="utf-8"
MIME-Version: 1.0
Content-Transfer-Encoding: 7bit

Your password has been changed!

Thanks for using our site!

The 127.0.0.1:8000 team
--===============3598546620387345866==
Content-Type: text/html; charset="utf-8"
MIME-Version: 1.0
Content-Transfer-Encoding: 7bit

<p>Your password has been changed!</p>

<p>Thanks for using our site!</p>

<p>The 127.0.0.1:8000 team</p>
--===============3598546620387345866==--

-------------------------------------------------------------------------------
