Content-Type: multipart/alternative;
 boundary="===============1835860662002968998=="
MIME-Version: 1.0
Subject: Password reset on localhost:8000
From: webmaster@localhost
To: test@email.com
Date: Sat, 02 Dec 2023 07:16:01 -0000
Message-ID: <170150136184.12480.7212766183392262575@LAPTOP-VTMLH8HD>

--===============1835860662002968998==
Content-Type: text/plain; charset="utf-8"
MIME-Version: 1.0
Content-Transfer-Encoding: 7bit

You're receiving this email because you requested a password reset for your user account at localhost:8000.

Please go to the following page and choose a new password:
http://localhost:8000/reset_password/MjA/byl6ep-beefb6347790c81911c58423772cdc50
Your username, in case you've forgotten: dua

Thanks for using our site!

The localhost:8000 team
--===============1835860662002968998==
Content-Type: text/html; charset="utf-8"
MIME-Version: 1.0
Content-Transfer-Encoding: 7bit

<p>You're receiving this email because you requested a password reset for your user account at localhost:8000.</p>

<p>Please go to the following page and choose a new password:</p>
<a href="http://localhost:8000/reset_password/MjA/byl6ep-beefb6347790c81911c58423772cdc50">http://localhost:8000/reset_password/MjA/byl6ep-beefb6347790c81911c58423772cdc50</a>
<p>Your username, in case you've forgotten: <b>dua</b></p>

<p>Thanks for using our site!</p>

<p>The localhost:8000 team</p>
--===============1835860662002968998==--

-------------------------------------------------------------------------------
