Content-Type: multipart/alternative;
 boundary="===============4530776984425796146=="
MIME-Version: 1.0
Subject: Password reset on 127.0.0.1:8000
From: webmaster@localhost
To: sooyoung@email.com
Date: Tue, 05 Dec 2023 22:38:25 -0000
Message-ID: <170181590528.25420.4503562725921950112@MEDEA>

--===============4530776984425796146==
Content-Type: text/plain; charset="utf-8"
MIME-Version: 1.0
Content-Transfer-Encoding: 7bit

You're receiving this email because you requested a password reset for your user account at 127.0.0.1:8000.

Please go to the following page and choose a new password:
http://localhost:3000/#/newpassword/OQ/byrx41-78f67f011e88ea93be0de4c96603e205
Your username, in case you've forgotten: psooyoung

Thanks for using our site!

The 127.0.0.1:8000 team
--===============4530776984425796146==
Content-Type: text/html; charset="utf-8"
MIME-Version: 1.0
Content-Transfer-Encoding: 7bit

<p>You're receiving this email because you requested a password reset for your user account at 127.0.0.1:8000.</p>

<p>Please go to the following page and choose a new password:</p>
<a href="http://localhost:3000/#/newpassword/OQ/byrx41-78f67f011e88ea93be0de4c96603e205">http://localhost:3000/#/newpassword/OQ/byrx41-78f67f011e88ea93be0de4c96603e205</a>
<p>Your username, in case you've forgotten: <b>psooyoung</b></p>

<p>Thanks for using our site!</p>

<p>The 127.0.0.1:8000 team</p>
--===============4530776984425796146==--

-------------------------------------------------------------------------------
